2025-10-10T00:11:45.220+05:30  WARN 27132 --- [BookInventoryManagement] [HikariPool-1:housekeeper] com.zaxxer.hikari.pool.HikariPool        : HikariPool-1 - Thread starvation or clock leap detected (housekeeper delta=1h19m1s51ms596µs500ns).
2025-10-10T07:05:54.403+05:30  WARN 27132 --- [BookInventoryManagement] [HikariPool-1:housekeeper] com.zaxxer.hikari.pool.HikariPool        : HikariPool-1 - Thread starvation or clock leap detected (housekeeper delta=6h54m12s187ms206µs400ns).
2025-10-10T09:24:07.020+05:30  INFO 19888 --- [BookInventoryManagement] [main] c.e.b.BookInventoryApplication           : Starting BookInventoryApplication using Java 23.0.2 with PID 19888 (C:\Users\champson\Downloads\book-inventory\target\classes started by champson in C:\Users\champson\Downloads\book-inventory)
2025-10-10T09:24:07.023+05:30  INFO 19888 --- [BookInventoryManagement] [main] c.e.b.BookInventoryApplication           : No active profile set, falling back to 1 default profile: "default"
2025-10-10T09:24:08.560+05:30  INFO 19888 --- [BookInventoryManagement] [main] .s.d.r.c.RepositoryConfigurationDelegate : Bootstrapping Spring Data JPA repositories in DEFAULT mode.
2025-10-10T09:24:08.739+05:30  INFO 19888 --- [BookInventoryManagement] [main] .s.d.r.c.RepositoryConfigurationDelegate : Finished Spring Data repository scanning in 159 ms. Found 14 JPA repository interfaces.
2025-10-10T09:24:09.738+05:30  INFO 19888 --- [BookInventoryManagement] [main] o.s.b.w.embedded.tomcat.TomcatWebServer  : Tomcat initialized with port 8080 (http)
2025-10-10T09:24:09.763+05:30  INFO 19888 --- [BookInventoryManagement] [main] o.apache.catalina.core.StandardService   : Starting service [Tomcat]
2025-10-10T09:24:09.764+05:30  INFO 19888 --- [BookInventoryManagement] [main] o.apache.catalina.core.StandardEngine    : Starting Servlet engine: [Apache Tomcat/10.1.46]
2025-10-10T09:24:09.906+05:30  INFO 19888 --- [BookInventoryManagement] [main] o.a.c.c.C.[Tomcat].[localhost].[/]       : Initializing Spring embedded WebApplicationContext
2025-10-10T09:24:09.906+05:30  INFO 19888 --- [BookInventoryManagement] [main] w.s.c.ServletWebServerApplicationContext : Root WebApplicationContext: initialization completed in 2800 ms
2025-10-10T09:24:10.247+05:30  INFO 19888 --- [BookInventoryManagement] [main] o.hibernate.jpa.internal.util.LogHelper  : HHH000204: Processing PersistenceUnitInfo [name: default]
2025-10-10T09:24:10.391+05:30  INFO 19888 --- [BookInventoryManagement] [main] org.hibernate.Version                    : HHH000412: Hibernate ORM core version 6.6.29.Final
2025-10-10T09:24:10.466+05:30  INFO 19888 --- [BookInventoryManagement] [main] o.h.c.internal.RegionFactoryInitiator    : HHH000026: Second-level cache disabled
2025-10-10T09:24:11.027+05:30  INFO 19888 --- [BookInventoryManagement] [main] o.s.o.j.p.SpringPersistenceUnitInfo      : No LoadTimeWeaver setup: ignoring JPA class transformer
2025-10-10T09:24:11.098+05:30  INFO 19888 --- [BookInventoryManagement] [main] com.zaxxer.hikari.HikariDataSource       : HikariPool-1 - Starting...
2025-10-10T09:24:11.381+05:30  INFO 19888 --- [BookInventoryManagement] [main] com.zaxxer.hikari.pool.HikariPool        : HikariPool-1 - Added connection com.mysql.cj.jdbc.ConnectionImpl@38929da
2025-10-10T09:24:11.384+05:30  INFO 19888 --- [BookInventoryManagement] [main] com.zaxxer.hikari.HikariDataSource       : HikariPool-1 - Start completed.
2025-10-10T09:24:11.472+05:30  WARN 19888 --- [BookInventoryManagement] [main] org.hibernate.dialect.Dialect            : HHH000511: The 5.5.5 version for [org.hibernate.dialect.MySQLDialect] is no longer supported, hence certain features may not work properly. The minimum supported version is 8.0.0. Check the community dialects project for available legacy versions.
2025-10-10T09:24:11.482+05:30  WARN 19888 --- [BookInventoryManagement] [main] org.hibernate.orm.deprecation            : HHH90000025: MySQLDialect does not need to be specified explicitly using 'hibernate.dialect' (remove the property setting and it will be selected by default)
2025-10-10T09:24:11.519+05:30  INFO 19888 --- [BookInventoryManagement] [main] org.hibernate.orm.connections.pooling    : HHH10001005: Database info:
	Database JDBC URL [Connecting through datasource 'HikariDataSource (HikariPool-1)']
	Database driver: undefined/unknown
	Database version: 5.5.5
	Autocommit mode: undefined/unknown
	Isolation level: undefined/unknown
	Minimum pool size: undefined/unknown
	Maximum pool size: undefined/unknown
2025-10-10T09:24:13.204+05:30  INFO 19888 --- [BookInventoryManagement] [main] o.h.e.t.j.p.i.JtaPlatformInitiator       : HHH000489: No JTA platform available (set 'hibernate.transaction.jta.platform' to enable JTA platform integration)
2025-10-10T09:24:13.503+05:30  INFO 19888 --- [BookInventoryManagement] [main] j.LocalContainerEntityManagerFactoryBean : Initialized JPA EntityManagerFactory for persistence unit 'default'
2025-10-10T09:24:14.559+05:30  WARN 19888 --- [BookInventoryManagement] [main] JpaBaseConfiguration$JpaWebConfiguration : spring.jpa.open-in-view is enabled by default. Therefore, database queries may be performed during view rendering. Explicitly configure spring.jpa.open-in-view to disable this warning
2025-10-10T09:24:15.360+05:30  INFO 19888 --- [BookInventoryManagement] [main] o.s.b.w.embedded.tomcat.TomcatWebServer  : Tomcat started on port 8080 (http) with context path '/'
2025-10-10T09:24:15.376+05:30  INFO 19888 --- [BookInventoryManagement] [main] c.e.b.BookInventoryApplication           : Started BookInventoryApplication in 9.144 seconds (process running for 9.825)
2025-10-10T09:31:25.236+05:30  WARN 19888 --- [BookInventoryManagement] [HikariPool-1:housekeeper] com.zaxxer.hikari.pool.HikariPool        : HikariPool-1 - Thread starvation or clock leap detected (housekeeper delta=2m43s666ms206µs400ns).
